2025-03-23 01:59:38 - services.crypto_trading_service - INFO - Initializing CryptoTradingService...
2025-03-23 01:59:38 - services.app_service - INFO - Initializing application services...
2025-03-23 01:59:38 - services.transcript_service - INFO - Loading transcripts from cache...
2025-03-23 01:59:38 - services.transcript_service - INFO - Found 0 transcripts in cache
2025-03-23 01:59:38 - services.transcript_service - INFO - Transcript service initialized with 0 transcripts
2025-03-23 01:59:38 - services.app_service - INFO - crypto_trading_service reference will be set later to avoid circular dependencies
2025-03-23 01:59:38 - services.app_service - INFO - Application services initialized
2025-03-23 01:59:38 - services.crypto_trading_service - INFO - Set app_service.crypto_trading_service reference to break circular dependency
2025-03-23 01:59:38 - services.market_data_service - INFO - Initializing MarketDataService
2025-03-23 01:59:38 - services.market_data_service - ERROR - Failed to fetch small cap coins: 400
2025-03-23 01:59:38 - services.market_data_service - INFO - MarketDataService initialized with 0 small-cap coins
2025-03-23 01:59:38 - services.trade_service - INFO - Initializing TradeService (exchange: binance, test_mode: True)
2025-03-23 01:59:38 - services.trade_service - INFO - Loaded portfolio and trade history from file
2025-03-23 01:59:38 - services.trade_service - INFO - TradeService initialized with portfolio value: $10000.00
2025-03-23 01:59:38 - services.market_data_service - ERROR - Failed to fetch small cap coins: 400
2025-03-23 01:59:38 - services.crypto_trading_service - INFO - Found 0 small cap coins to monitor
2025-03-23 01:59:38 - services.crypto_trading_service - INFO - CryptoTradingService initialized successfully
2025-03-23 01:59:38 - main - INFO - CryptoTradingService initialized
2025-03-23 01:59:38 - main - INFO - Starting background cycle loop (interval: 1800s)
2025-03-23 02:04:29 - main - INFO - Cycle loop cancelled
2025-03-23 02:04:29 - services.market_data_service - INFO - MarketDataService closed
2025-03-23 02:04:29 - services.trade_service - INFO - Saved portfolio and trade history to file
2025-03-23 02:04:29 - services.trade_service - INFO - TradeService closed
2025-03-23 02:04:29 - main - INFO - Services closed gracefully
